Y 57
Y 31
Y 3
Y 9121
Y 3193
Y 133
Y 5853
Y 7657
Y 211
Y 5257
Y 6321
Y 3907
Y 871
Y 13807
Y 446893
Y 50851
Y 733593
Y 165243
Y 31153
Y 839973
Y 878907
Y 661783
Y 189661
Y 41634757
Y 57585333
Y 43408333
Y 64104043
Y 74952307
Y 51775221
Y 77589673
Y 13864453
Y 93054963
Y 45044233
Y 529805307
Y 1473600157
Y 2327628271
Y 5586291823
Y 1589417557
Y 3633377007
Y 4903850757
Y 153648421
Y 137159233
Y 1070042233
Y 558905012401
Y 105884834601
Y 288304026661
Y 101021947761
Y 194604058461
Y 268655104081
Y 13567473921
Y 377118195901
Y 411803916681
Y 10132334941
Y 8470425249601
Y 10004565837001
Y 50429874858601
Y 3625975735801
Y 18780084626401
Y 43927726212201
Y 25044014355601
Y 45781455673801
Y 5245013749801
Y 7786329369601
Y 761208072410001
Y 509856377420001
Y 1554567144572001
Y 4132689731714001
Y 154753587560001
Y 1692005914866001
Y 401200879970001
Y 251666480136001
Y 150700163724001
Y 1501562461250001
Y 181407845974080001
Y 16047822273320001
Y 42115248194780001
Y 99086448085220001
Y 138681759627600001
Y 119646809654100001
Y 109058457269760001
Y 376627689386300001
Y 33804499416140001
Y 181919309973480001
Y 309692249443500001
Y 32630809419360001
Y 147210342016320001
Y 78232089720300001
Y 96745881288960001
Y 92051559696600001
Y 483497714904660001
Y 17540353467560001
Y 154370409607100001
Y 137433318029280001
Y 295892481056040001
Y 552465157656720001
Y 195134227158260001
Y 401119554966660001
Y 469910249314500001
Y 55215600165020001
Y 431859264942840001
